credential.helper=osxkeychain
init.defaultbranch=main
http.sslbackend=openssl
user.name=Eloise2011
user.email=joshuahbrooks@163.com
core.excludesfile=/Users/JoshuaBrooks/.gitignore_global
core.autocrlf=input
difftool.sourcetree.cmd=opendiff "$LOCAL" "$REMOTE"
difftool.sourcetree.path=
mergetool.sourcetree.cmd=/Applications/Sourcetree.app/Contents/Resources/opendiff-w.sh "$LOCAL" "$REMOTE" -ancestor "$BASE" -merge "$MERGED"
mergetool.sourcetree.trustexitcode=true
commit.template=/Users/JoshuaBrooks/.stCommitMsg
safe.directory=/opt/homebrew/Library/Taps/homebrew/homebrew-core
safe.directory=/opt/homebrew/Library/Taps/homebrew/homebrew-cask
safe.directory=/opt/homebrew/Library/Taps/homebrew/homebrew-services
core.repositoryformatversion=0
core.filemode=true
core.bare=false
core.logallrefupdates=true
core.ignorecase=true
core.precomposeunicode=true
remote.Eloise2011.url=https://github.com/Eloise2011/GitTotorial
remote.Eloise2011.fetch=+refs/heads/*:refs/remotes/Eloise2011/*
